{
  "RSpec": {
    "coverage": {
      "/Users/john/Documents/tinyapps/git_contributions/Rememories/app/helpers/application_helper.rb": [
        1,
        null
      ],
      "/Users/john/Documents/tinyapps/git_contributions/Rememories/app/helpers/memories_helper.rb": [
        1,
        null
      ],
      "/Users/john/Documents/tinyapps/git_contributions/Rememories/app/helpers/people_helper.rb": [
        1,
        null
      ],
      "/Users/john/Documents/tinyapps/git_contributions/Rememories/app/helpers/welcome_helper.rb": [
        1,
        null
      ],
      "/Users/john/Documents/tinyapps/git_contributions/Rememories/app/controllers/people_controller.rb": [
        1,
        null,
        1,
        2,
        null,
        null,
        1,
        2,
        2,
        1,
        1,
        null,
        1,
        1,
        null,
        null,
        null,
        1,
        0,
        0,
        null,
        null,
        null,
        1,
        null,
        1,
        2,
        null,
        null,
        null
      ],
      "/Users/john/Documents/tinyapps/git_contributions/Rememories/app/controllers/application_controller.rb": [
        1,
        null,
        null,
        1,
        null
      ],
      "/Users/john/Documents/tinyapps/git_contributions/Rememories/app/models/person.rb": [
        1,
        1,
        1,
        null
      ],
      "/Users/john/Documents/tinyapps/git_contributions/Rememories/app/controllers/welcome_controller.rb": [
        1,
        1,
        1,
        null,
        null
      ],
      "/Users/john/Documents/tinyapps/git_contributions/Rememories/app/controllers/memories_controller.rb": [
        0,
        0,
        0,
        0,
        0,
        0,
        0,
        0,
        0,
        0,
        0,
        0,
        0,
        0,
        0,
        0,
        0,
        0,
        0,
        0,
        0,
        0,
        0,
        0,
        0,
        0,
        0,
        0,
        0,
        0,
        0,
        0,
        0,
        0,
        0,
        0,
        0,
        0,
        0,
        0,
        0,
        0,
        0,
        0,
        0,
        0,
        0,
        0,
        0,
        0,
        0,
        0,
        0,
        0,
        0,
        0,
        0,
        0,
        0,
        0,
        0,
        0,
        0
      ],
      "/Users/john/Documents/tinyapps/git_contributions/Rememories/app/models/memory.rb": [
        0,
        0,
        0,
        0
      ]
    },
    "timestamp": 1454802854
  }
}
