{
  "RSpec": {
    "coverage": {
      "/Users/Becca/Desktop/Ada/Projects/Rememories/app/helpers/application_helper.rb": [
        1,
        null
      ],
      "/Users/Becca/Desktop/Ada/Projects/Rememories/app/helpers/memories_helper.rb": [
        1,
        null
      ],
      "/Users/Becca/Desktop/Ada/Projects/Rememories/app/helpers/people_helper.rb": [
        1,
        null
      ],
      "/Users/Becca/Desktop/Ada/Projects/Rememories/app/helpers/welcome_helper.rb": [
        1,
        null
      ],
      "/Users/Becca/Desktop/Ada/Projects/Rememories/app/controllers/people_controller.rb": [
        1,
        null,
        1,
        1,
        null,
        null,
        1,
        3,
        3,
        null,
        null,
        1,
        1,
        1,
        null,
        null,
        null,
        1,
        null,
        1,
        3,
        null,
        null,
        null
      ],
      "/Users/Becca/Desktop/Ada/Projects/Rememories/app/controllers/application_controller.rb": [
        1,
        null,
        null,
        1,
        null
      ],
      "/Users/Becca/Desktop/Ada/Projects/Rememories/app/models/person.rb": [
        1,
        1,
        null
      ],
      "/Users/Becca/Desktop/Ada/Projects/Rememories/app/controllers/memories_controller.rb": [
        0,
        0,
        0,
        0,
        0,
        0,
        0,
        0,
        0,
        0,
        0,
        0,
        0,
        0,
        0,
        0,
        0,
        0,
        0,
        0,
        0,
        0,
        0,
        0,
        0,
        0,
        0,
        0,
        0,
        0,
        0,
        0,
        0,
        0,
        0,
        0,
        0,
        0,
        0,
        0,
        0,
        0,
        0,
        0,
        0,
        0,
        0,
        0,
        0,
        0,
        0,
        0,
        0
      ],
      "/Users/Becca/Desktop/Ada/Projects/Rememories/app/controllers/welcome_controller.rb": [
        0,
        0,
        0,
        0,
        0
      ],
      "/Users/Becca/Desktop/Ada/Projects/Rememories/app/models/memory.rb": [
        0,
        0,
        0
      ]
    },
    "timestamp": 1451249190
  }
}
